<?xml version="1.0" encoding="UTF-8"?>
<Site BuildName="(empty)"
	BuildStamp="20240601-0957-Experimental"
	Name="SkyNetGDN"
	Generator="ctest-3.16.3"
	CompilerName="/usr/bin/c++"
	CompilerVersion="9.4.0"
	OSName="Linux"
	Hostname="SkyNetGDN"
	OSRelease="5.15.0-107-generic"
	OSVersion="#117~20.04.1-Ubuntu SMP Tue Apr 30 10:35:57 UTC 2024"
	OSPlatform="x86_64"
	Is64Bits="1"
	VendorString="GenuineIntel"
	VendorID="Intel Corporation"
	FamilyID="6"
	ModelID="126"
	ProcessorCacheSize="8192"
	NumberOfLogicalCPU="8"
	NumberOfPhysicalCPU="4"
	TotalVirtualMemory="2047"
	TotalPhysicalMemory="15578"
	LogicalProcessorsPerPhysical="2"
	ProcessorClockFrequency="3067.44"
	>
	<Testing>
		<StartDateTime>Jun 01 19:57 AEST</StartDateTime>
		<StartTestTime>1717235876</StartTestTime>
		<TestList/>
		<EndDateTime>Jun 01 19:57 AEST</EndDateTime>
		<EndTestTime>1717235876</EndTestTime>
		<ElapsedMinutes>0</ElapsedMinutes>
	</Testing>
</Site>
