<?xml version="1.0" encoding="UTF-8"?>
<Site BuildName="(empty)"
	BuildStamp="20240507-0441-Experimental"
	Name="ubuntu"
	Generator="ctest-3.10.2"
	CompilerName="/usr/bin/c++"
	CompilerVersion="7.5.0"
	OSName="Linux"
	Hostname="ubuntu"
	OSRelease="5.4.0-150-generic"
	OSVersion="#167~18.04.1-Ubuntu SMP Wed May 24 00:51:42 UTC 2023"
	OSPlatform="x86_64"
	Is64Bits="1"
	VendorString="GenuineIntel"
	VendorID="Intel Corporation"
	FamilyID="6"
	ModelID="126"
	ProcessorCacheSize="8192"
	NumberOfLogicalCPU="4"
	NumberOfPhysicalCPU="4"
	TotalVirtualMemory="1897"
	TotalPhysicalMemory="7927"
	LogicalProcessorsPerPhysical="1"
	ProcessorClockFrequency="1497.6"
	>
	<Testing>
		<StartDateTime>May 06 22:08 PDT</StartDateTime>
		<StartTestTime>1715058499</StartTestTime>
		<TestList/>
		<EndDateTime>May 06 22:08 PDT</EndDateTime>
		<EndTestTime>1715058499</EndTestTime>
		<ElapsedMinutes>0</ElapsedMinutes>
	</Testing>
</Site>
