<?xml version="1.0" encoding="UTF-8"?>
<Site BuildName="(empty)"
	BuildStamp="20240522-0213-Experimental"
	Name="liam-MS-7D43"
	Generator="ctest-3.10.2"
	CompilerName="/usr/bin/c++"
	CompilerVersion="7.5.0"
	OSName="Linux"
	Hostname="liam-MS-7D43"
	OSRelease="5.4.0-150-generic"
	OSVersion="#167~18.04.1-Ubuntu SMP Wed May 24 00:51:42 UTC 2023"
	OSPlatform="x86_64"
	Is64Bits="1"
	VendorString="GenuineIntel"
	VendorID="Intel Corporation"
	FamilyID="6"
	ModelID="126"
	ProcessorCacheSize="8192"
	NumberOfLogicalCPU="8"
	NumberOfPhysicalCPU="4"
	TotalVirtualMemory="2047"
	TotalPhysicalMemory="15779"
	LogicalProcessorsPerPhysical="2"
	ProcessorClockFrequency="3424.4"
	>
	<Testing>
		<StartDateTime>May 22 12:18 AEST</StartDateTime>
		<StartTestTime>1716344300</StartTestTime>
		<TestList/>
		<EndDateTime>May 22 12:18 AEST</EndDateTime>
		<EndTestTime>1716344300</EndTestTime>
		<ElapsedMinutes>0</ElapsedMinutes>
	</Testing>
</Site>
