<?xml version="1.0" encoding="UTF-8"?>
<Site BuildName="(empty)"
	BuildStamp="20240306-2208-Experimental"
	Name="SkyNetGDN"
	Generator="ctest-3.16.3"
	CompilerName="/usr/bin/c++"
	CompilerVersion="9.4.0"
	OSName="Linux"
	Hostname="SkyNetGDN"
	OSRelease="5.15.0-86-generic"
	OSVersion="#96~20.04.1-Ubuntu SMP Thu Sep 21 13:23:37 UTC 2023"
	OSPlatform="x86_64"
	Is64Bits="1"
	VendorString="GenuineIntel"
	VendorID="Intel Corporation"
	FamilyID="6"
	ModelID="126"
	ProcessorCacheSize="8192"
	NumberOfLogicalCPU="8"
	NumberOfPhysicalCPU="4"
	TotalVirtualMemory="2047"
	TotalPhysicalMemory="15578"
	LogicalProcessorsPerPhysical="2"
	ProcessorClockFrequency="2921.12"
	>
	<Testing>
		<StartDateTime>Mar 07 09:08 AEDT</StartDateTime>
		<StartTestTime>1709762898</StartTestTime>
		<TestList/>
		<EndDateTime>Mar 07 09:08 AEDT</EndDateTime>
		<EndTestTime>1709762898</EndTestTime>
		<ElapsedMinutes>0</ElapsedMinutes>
	</Testing>
</Site>
